<?xml version="1.0" encoding="UTF-8"?>
<testng-results skipped="0" failed="0" ignored="0" total="1" passed="1">
  <reporter-output>
  </reporter-output>
  <suite name="Default suite" duration-ms="1161" started-at="2018-06-29T17:40:55Z" finished-at="2018-06-29T17:40:56Z">
    <groups>
    </groups>
    <test name="Default test" duration-ms="1161" started-at="2018-06-29T17:40:55Z" finished-at="2018-06-29T17:40:56Z">
      <class name="smokeTest.FileWriteTest">
        <test-method status="PASS" signature="ReadExcel()[pri:0, instance:smokeTest.FileWriteTest@7b69c6ba]" name="ReadExcel" duration-ms="1115" started-at="2018-06-29T17:40:55Z" finished-at="2018-06-29T17:40:56Z">
          <reporter-output>
          </reporter-output>
        </test-method> <!-- ReadExcel -->
      </class> <!-- smokeTest.FileWriteTest -->
    </test> <!-- Default test -->
  </suite> <!-- Default suite -->
</testng-results>
